offerwall_module/flutter_offerwall_module/.android/plugins_build_output/flutter_background_service_android/outputs/logs/manifest-merger-release-report.txt
-- Merging decision tree log ---
manifest
ADDED from src/main/AndroidManifest.xml:1:1-41:12
INJECTED from src/main/AndroidManifest.xml:1:1-41:12
INJECTED from src/main/AndroidManifest.xml:1:1-41:12
	package
		ADDED from src/main/AndroidManifest.xml:3:3-50
		INJECTED from src/main/AndroidManifest.xml
		INJECTED from src/main/AndroidManifest.xml
	xmlns:android
		ADDED from src/main/AndroidManifest.xml:2:3-61
uses-permission#android.permission.FOREGROUND_SERVICE
ADDED from src/main/AndroidManifest.xml:6:5-77
	android:name
		ADDED from src/main/AndroidManifest.xml:6:22-74
uses-permission#android.permission.RECEIVE_BOOT_COMPLETED
ADDED from src/main/AndroidManifest.xml:7:5-81
	android:name
		ADDED from src/main/AndroidManifest.xml:7:22-78
uses-permission#android.permission.WAKE_LOCK
ADDED from src/main/AndroidManifest.xml:8:5-68
	android:name
		ADDED from src/main/AndroidManifest.xml:8:22-65
application
ADDED from src/main/AndroidManifest.xml:11:5-40:19
service#id.flutter.flutter_background_service.BackgroundService
ADDED from src/main/AndroidManifest.xml:12:9-18:7
	android:enabled
		ADDED from src/main/AndroidManifest.xml:13:7-29
	android:exported
		ADDED from src/main/AndroidManifest.xml:14:7-30
	android:stopWithTask
		ADDED from src/main/AndroidManifest.xml:16:7-35
	android:foregroundServiceType
		ADDED from src/main/AndroidManifest.xml:17:7-49
	android:name
		ADDED from src/main/AndroidManifest.xml:15:7-40
receiver#id.flutter.flutter_background_service.WatchdogReceiver
ADDED from src/main/AndroidManifest.xml:20:9-24:7
	android:enabled
		ADDED from src/main/AndroidManifest.xml:22:7-29
	android:exported
		ADDED from src/main/AndroidManifest.xml:23:7-30
	android:name
		ADDED from src/main/AndroidManifest.xml:21:7-39
receiver#id.flutter.flutter_background_service.BootReceiver
ADDED from src/main/AndroidManifest.xml:26:9-38:20
	android:enabled
		ADDED from src/main/AndroidManifest.xml:28:7-29
	android:exported
		ADDED from src/main/AndroidManifest.xml:29:7-30
	android:name
		ADDED from src/main/AndroidManifest.xml:27:7-35
intent-filter#action:name:android.intent.action.BOOT_COMPLETED+action:name:android.intent.action.QUICKBOOT_POWERON
ADDED from src/main/AndroidManifest.xml:32:13-37:29
action#android.intent.action.BOOT_COMPLETED
ADDED from src/main/AndroidManifest.xml:33:17-79
	android:name
		ADDED from src/main/AndroidManifest.xml:33:25-76
action#android.intent.action.QUICKBOOT_POWERON
ADDED from src/main/AndroidManifest.xml:34:17-36:11
	android:name
		ADDED from src/main/AndroidManifest.xml:35:11-65
uses-sdk
INJECTED from src/main/AndroidManifest.xml reason: use-sdk injection requested
INJECTED from src/main/AndroidManifest.xml
INJECTED from src/main/AndroidManifest.xml
INJECTED from src/main/AndroidManifest.xml
INJECTED from src/main/AndroidManifest.xml
	android:targetSdkVersion
		INJECTED from src/main/AndroidManifest.xml
		ADDED from src/main/AndroidManifest.xml
		INJECTED from src/main/AndroidManifest.xml
	android:minSdkVersion
		INJECTED from src/main/AndroidManifest.xml
		ADDED from src/main/AndroidManifest.xml
		INJECTED from src/main/AndroidManifest.xml